Determining if the pthread_create exist failed with the following output:
Change Dir: /home/mak/packages/turtlebot/ros-kinetic-turtlebot-apps/src/build/CMakeFiles/CMakeTmp

Run Build Command:"/usr/bin/make" "cmTC_4b705/fast"
/usr/bin/make -f CMakeFiles/cmTC_4b705.dir/build.make CMakeFiles/cmTC_4b705.dir/build
make[1]: Entering directory '/home/mak/packages/turtlebot/ros-kinetic-turtlebot-apps/src/build/CMakeFiles/CMakeTmp'
Building C object CMakeFiles/cmTC_4b705.dir/CheckSymbolExists.c.o
/usr/bin/cc    -march=x86-64 -mtune=generic -O2 -pipe -fstack-protector-strong    -o CMakeFiles/cmTC_4b705.dir/CheckSymbolExists.c.o   -c /home/mak/packages/turtlebot/ros-kinetic-turtlebot-apps/src/build/CMakeFiles/CMakeTmp/CheckSymbolExists.c
Linking C executable cmTC_4b705
/usr/bin/cmake -E cmake_link_script CMakeFiles/cmTC_4b705.dir/link.txt --verbose=1
/usr/bin/cc  -march=x86-64 -mtune=generic -O2 -pipe -fstack-protector-strong   -Wl,-O1,--sort-common,--as-needed,-z,relro  CMakeFiles/cmTC_4b705.dir/CheckSymbolExists.c.o  -o cmTC_4b705 -rdynamic 
CMakeFiles/cmTC_4b705.dir/CheckSymbolExists.c.o: In function `main':
CheckSymbolExists.c:(.text.startup+0x6): undefined reference to `pthread_create'
collect2: error: ld returned 1 exit status
make[1]: *** [CMakeFiles/cmTC_4b705.dir/build.make:98: cmTC_4b705] Error 1
make[1]: Leaving directory '/home/mak/packages/turtlebot/ros-kinetic-turtlebot-apps/src/build/CMakeFiles/CMakeTmp'
make: *** [Makefile:126: cmTC_4b705/fast] Error 2

File /home/mak/packages/turtlebot/ros-kinetic-turtlebot-apps/src/build/CMakeFiles/CMakeTmp/CheckSymbolExists.c:
/* */
#include <pthread.h>

int main(int argc, char** argv)
{
  (void)argv;
#ifndef pthread_create
  return ((int*)(&pthread_create))[argc];
#else
  (void)argc;
  return 0;
#endif
}

Determining if the function pthread_create exists in the pthreads failed with the following output:
Change Dir: /home/mak/packages/turtlebot/ros-kinetic-turtlebot-apps/src/build/CMakeFiles/CMakeTmp

Run Build Command:"/usr/bin/make" "cmTC_b0c84/fast"
/usr/bin/make -f CMakeFiles/cmTC_b0c84.dir/build.make CMakeFiles/cmTC_b0c84.dir/build
make[1]: Entering directory '/home/mak/packages/turtlebot/ros-kinetic-turtlebot-apps/src/build/CMakeFiles/CMakeTmp'
Building C object CMakeFiles/cmTC_b0c84.dir/CheckFunctionExists.c.o
/usr/bin/cc    -march=x86-64 -mtune=generic -O2 -pipe -fstack-protector-strong -DCHECK_FUNCTION_EXISTS=pthread_create   -o CMakeFiles/cmTC_b0c84.dir/CheckFunctionExists.c.o   -c /usr/share/cmake-3.7/Modules/CheckFunctionExists.c
Linking C executable cmTC_b0c84
/usr/bin/cmake -E cmake_link_script CMakeFiles/cmTC_b0c84.dir/link.txt --verbose=1
/usr/bin/cc  -march=x86-64 -mtune=generic -O2 -pipe -fstack-protector-strong -DCHECK_FUNCTION_EXISTS=pthread_create  -Wl,-O1,--sort-common,--as-needed,-z,relro  CMakeFiles/cmTC_b0c84.dir/CheckFunctionExists.c.o  -o cmTC_b0c84 -rdynamic -lpthreads 
/usr/bin/ld: cannot find -lpthreads
collect2: error: ld returned 1 exit status
make[1]: *** [CMakeFiles/cmTC_b0c84.dir/build.make:98: cmTC_b0c84] Error 1
make[1]: Leaving directory '/home/mak/packages/turtlebot/ros-kinetic-turtlebot-apps/src/build/CMakeFiles/CMakeTmp'
make: *** [Makefile:126: cmTC_b0c84/fast] Error 2


